mode: count
_/home/jayme/projetos/nuveo_json/main.go:37.58,38.38 1 20
_/home/jayme/projetos/nuveo_json/main.go:38.38,40.56 2 122
_/home/jayme/projetos/nuveo_json/main.go:40.56,41.30 1 108
_/home/jayme/projetos/nuveo_json/main.go:42.17,43.45 1 17
_/home/jayme/projetos/nuveo_json/main.go:44.17,45.58 1 15
_/home/jayme/projetos/nuveo_json/main.go:53.17,54.44 1 17
_/home/jayme/projetos/nuveo_json/main.go:55.17,56.44 1 16
_/home/jayme/projetos/nuveo_json/main.go:57.17,58.40 1 43
_/home/jayme/projetos/nuveo_json/main.go:61.21,61.48 1 43
_/home/jayme/projetos/nuveo_json/main.go:46.25,47.50 1 1
_/home/jayme/projetos/nuveo_json/main.go:48.25,49.59 1 7
_/home/jayme/projetos/nuveo_json/main.go:50.25,51.70 1 7
_/home/jayme/projetos/nuveo_json/main.go:58.40,60.22 1 17
_/home/jayme/projetos/nuveo_json/main.go:71.59,78.38 5 6
_/home/jayme/projetos/nuveo_json/main.go:82.5,84.9 3 6
_/home/jayme/projetos/nuveo_json/main.go:99.5,99.16 1 6
_/home/jayme/projetos/nuveo_json/main.go:78.38,80.6 1 38
_/home/jayme/projetos/nuveo_json/main.go:84.9,86.26 2 14
_/home/jayme/projetos/nuveo_json/main.go:90.9,91.41 2 8
_/home/jayme/projetos/nuveo_json/main.go:94.9,96.46 3 8
_/home/jayme/projetos/nuveo_json/main.go:86.26,87.18 1 6
_/home/jayme/projetos/nuveo_json/main.go:91.41,93.10 1 52
_/home/jayme/projetos/nuveo_json/main.go:108.83,114.52 5 5
_/home/jayme/projetos/nuveo_json/main.go:119.5,119.16 1 5
_/home/jayme/projetos/nuveo_json/main.go:114.52,118.6 3 6
_/home/jayme/projetos/nuveo_json/main.go:125.39,127.19 2 8
_/home/jayme/projetos/nuveo_json/main.go:127.19,131.6 2 1
_/home/jayme/projetos/nuveo_json/main.go:131.6,134.54 3 7
_/home/jayme/projetos/nuveo_json/main.go:134.54,136.10 1 3
_/home/jayme/projetos/nuveo_json/main.go:136.10,136.69 1 4
_/home/jayme/projetos/nuveo_json/main.go:136.69,138.10 1 3
_/home/jayme/projetos/nuveo_json/main.go:138.10,141.10 1 1
_/home/jayme/projetos/nuveo_json/main.go:147.31,149.38 2 2
_/home/jayme/projetos/nuveo_json/main.go:149.38,151.6 1 2
_/home/jayme/projetos/nuveo_json/main.go:155.13,157.23 2 2
_/home/jayme/projetos/nuveo_json/main.go:157.23,160.6 2 1
_/home/jayme/projetos/nuveo_json/main.go:160.6,165.6 4 1
